{"name": "test_select_model_and_send_prompt", "status": "failed", "statusDetails": {"message": "AssertionError: False is not true : Message not found in chat", "trace": "self = <test_example.ChatFlowTest testMethod=test_select_model_and_send_prompt>\n\n    def test_select_model_and_send_prompt(self):\n        chat = ChatPage(self.driver, self.base_url).open()\n    \n        # Select model\n        chat.select_model(\"gemma3:1b\")\n        # time.sleep(5)  # wait for model selection to complete\n        self.assertIn(\"gemma3:1b\", chat.selected_model_text())\n    \n        # Send a message\n        chat.send_message(\"write hello world!\")\n        chat.wait_for_any_message()\n        # Verify the message appears\n        messages = self.driver.find_elements(*chat.ANY_MESSAGE)\n>       self.assertTrue(any(\"hello world\" in msg.text.lower() for msg in messages), \"Message not found in chat\")\nE       AssertionError: False is not true : Message not found in chat\n\ntests/test_example.py:40: AssertionError"}, "start": 1755680660054, "stop": 1755680679519, "uuid": "c0ca0e65-a938-48aa-819f-3277bdcbc037", "historyId": "aabeaa2533b67fd8e31c7ad25178ee57", "testCaseId": "aabeaa2533b67fd8e31c7ad25178ee57", "fullName": "tests.test_example.ChatFlowTest#test_select_model_and_send_prompt", "labels": [{"name": "parentSuite", "value": "tests"}, {"name": "suite", "value": "test_example"}, {"name": "subSuite", "value": "ChatFlowTest"}, {"name": "host", "value": "LAPTOP-J12RM8I3"}, {"name": "thread", "value": "180044-MainThread"}, {"name": "framework", "value": "pytest"}, {"name": "language", "value": "cpython3"}, {"name": "package", "value": "tests.test_example"}], "titlePath": ["tests", "test_example.py", "ChatFlowTest"]}