{"name": "test_select_model_and_send_prompt", "status": "failed", "statusDetails": {"message": "AssertionError: 'hello' not found in ''", "trace": "self = <test_example.ChatFlowTest testMethod=test_select_model_and_send_prompt>\n\n    def test_select_model_and_send_prompt(self):\n        chat = ChatPage(self.driver, self.base_url).open()\n    \n        # Select model\n        chat.select_model(\"gemma3:1b\")\n        self.assertIn(\"gemma3:1b\", chat.selected_model_text())\n    \n        # Send a message\n        chat.send_message(\"write hello world!\")\n        chat.wait_for_any_message()\n>       self.assertIn(\"hello\", chat.last_message_text().lower())\nE       AssertionError: 'hello' not found in ''\n\ntests/test_example.py:35: AssertionError"}, "start": 1755678353669, "stop": 1755678361591, "uuid": "11b11b7b-81ff-4533-8f90-24ab78f67753", "historyId": "aabeaa2533b67fd8e31c7ad25178ee57", "testCaseId": "aabeaa2533b67fd8e31c7ad25178ee57", "fullName": "tests.test_example.ChatFlowTest#test_select_model_and_send_prompt", "labels": [{"name": "parentSuite", "value": "tests"}, {"name": "suite", "value": "test_example"}, {"name": "subSuite", "value": "ChatFlowTest"}, {"name": "host", "value": "LAPTOP-J12RM8I3"}, {"name": "thread", "value": "164206-MainThread"}, {"name": "framework", "value": "pytest"}, {"name": "language", "value": "cpython3"}, {"name": "package", "value": "tests.test_example"}], "titlePath": ["tests", "test_example.py", "ChatFlowTest"]}