{"name": "test_select_model_and_send_prompt", "status": "failed", "statusDetails": {"message": "AssertionError: False is not true : Message not found in chat", "trace": "self = <test_example.ChatFlowTest testMethod=test_select_model_and_send_prompt>\n\n    def test_select_model_and_send_prompt(self):\n        chat = ChatPage(self.driver, self.base_url).open()\n    \n        # Select model\n        chat.select_model(\"gemma3:1b\")\n        # time.sleep(5)  # wait for model selection to complete\n        self.assertIn(\"gemma3:1b\", chat.selected_model_text())\n    \n        # Send a message\n        chat.send_message(\"write hello world!\")\n        chat.wait_for_any_message()\n        # Verify the message appears\n        messages = self.driver.find_elements(*chat.ANY_MESSAGE)\n        print(\"Messages found:\", [msg.text for msg in messages])  # Add this line for debugging\n>       self.assertTrue(any(\"hello world\" in msg.text.lower() for msg in messages), \"Message not found in chat\")\nE       AssertionError: False is not true : Message not found in chat\n\ntests/test_example.py:41: AssertionError"}, "attachments": [{"name": "stdout", "source": "8ed019ce-7124-4d7e-8f53-2a25f32f5fe5-attachment.txt", "type": "text/plain"}], "start": 1755680952724, "stop": 1755680969461, "uuid": "86cf8e09-3d5f-4347-8fb9-75384420d21e", "historyId": "aabeaa2533b67fd8e31c7ad25178ee57", "testCaseId": "aabeaa2533b67fd8e31c7ad25178ee57", "fullName": "tests.test_example.ChatFlowTest#test_select_model_and_send_prompt", "labels": [{"name": "parentSuite", "value": "tests"}, {"name": "suite", "value": "test_example"}, {"name": "subSuite", "value": "ChatFlowTest"}, {"name": "host", "value": "LAPTOP-J12RM8I3"}, {"name": "thread", "value": "182200-MainThread"}, {"name": "framework", "value": "pytest"}, {"name": "language", "value": "cpython3"}, {"name": "package", "value": "tests.test_example"}], "titlePath": ["tests", "test_example.py", "ChatFlowTest"]}