{"uid":"23c6e2ad89875cbb","name":"test_select_model_and_send_prompt","fullName":"tests.test_example.ChatFlowTest#test_select_model_and_send_prompt","historyId":"aabeaa2533b67fd8e31c7ad25178ee57","time":{"start":1755680952724,"stop":1755680969461,"duration":16737},"status":"failed","statusMessage":"AssertionError: False is not true : Message not found in chat","statusTrace":"self = <test_example.ChatFlowTest testMethod=test_select_model_and_send_prompt>\n\n    def test_select_model_and_send_prompt(self):\n        chat = ChatPage(self.driver, self.base_url).open()\n    \n        # Select model\n        chat.select_model(\"gemma3:1b\")\n        # time.sleep(5)  # wait for model selection to complete\n        self.assertIn(\"gemma3:1b\", chat.selected_model_text())\n    \n        # Send a message\n        chat.send_message(\"write hello world!\")\n        chat.wait_for_any_message()\n        # Verify the message appears\n        messages = self.driver.find_elements(*chat.ANY_MESSAGE)\n        print(\"Messages found:\", [msg.text for msg in messages])  # Add this line for debugging\n>       self.assertTrue(any(\"hello world\" in msg.text.lower() for msg in messages), \"Message not found in chat\")\nE       AssertionError: False is not true : Message not found in chat\n\ntests/test_example.py:41: AssertionError","flaky":false,"newFailed":false,"newBroken":false,"newPassed":false,"retriesCount":0,"retriesStatusChange":false,"beforeStages":[{"name":"_unittest_setUpClass_fixture_ChatFlowTest","time":{"start":1755680950979,"stop":1755680952721,"duration":1742},"status":"passed","steps":[],"attachments":[],"parameters":[],"shouldDisplayMessage":false,"stepsCount":0,"attachmentsCount":0,"hasContent":false,"attachmentStep":false}],"testStage":{"status":"failed","statusMessage":"AssertionError: False is not true : Message not found in chat","statusTrace":"self = <test_example.ChatFlowTest testMethod=test_select_model_and_send_prompt>\n\n    def test_select_model_and_send_prompt(self):\n        chat = ChatPage(self.driver, self.base_url).open()\n    \n        # Select model\n        chat.select_model(\"gemma3:1b\")\n        # time.sleep(5)  # wait for model selection to complete\n        self.assertIn(\"gemma3:1b\", chat.selected_model_text())\n    \n        # Send a message\n        chat.send_message(\"write hello world!\")\n        chat.wait_for_any_message()\n        # Verify the message appears\n        messages = self.driver.find_elements(*chat.ANY_MESSAGE)\n        print(\"Messages found:\", [msg.text for msg in messages])  # Add this line for debugging\n>       self.assertTrue(any(\"hello world\" in msg.text.lower() for msg in messages), \"Message not found in chat\")\nE       AssertionError: False is not true : Message not found in chat\n\ntests/test_example.py:41: AssertionError","steps":[],"attachments":[{"uid":"9b65ff43183c34e5","name":"stdout","source":"9b65ff43183c34e5.txt","type":"text/plain","size":21}],"parameters":[],"shouldDisplayMessage":true,"stepsCount":0,"attachmentsCount":1,"hasContent":true,"attachmentStep":false},"afterStages":[{"name":"_unittest_setUpClass_fixture_ChatFlowTest::0","time":{"start":1755680969517,"stop":1755680969646,"duration":129},"status":"passed","steps":[],"attachments":[],"parameters":[],"shouldDisplayMessage":false,"stepsCount":0,"attachmentsCount":0,"hasContent":false,"attachmentStep":false}],"labels":[{"name":"parentSuite","value":"tests"},{"name":"suite","value":"test_example"},{"name":"subSuite","value":"ChatFlowTest"},{"name":"host","value":"LAPTOP-J12RM8I3"},{"name":"thread","value":"182200-MainThread"},{"name":"framework","value":"pytest"},{"name":"language","value":"cpython3"},{"name":"package","value":"tests.test_example"},{"name":"resultFormat","value":"allure2"}],"parameters":[],"links":[],"hidden":true,"retry":true,"extra":{"categories":[],"tags":[]},"source":"23c6e2ad89875cbb.json","parameterValues":[]}